<?xml version="1.0" encoding="UTF-8"?>
<!-- Generated by org.testng.reporters.JUnitReportReporter -->
<testsuite hostname="madhusmita" failures="0" tests="11" name="runners.TestRunner" time="191.590" errors="0" timestamp="2025-08-29T21:38:10 IST" skipped="0">
  <testcase classname="runners.TestRunner" name="runScenario" time="16.131"/>
  <testcase classname="runners.TestRunner" name="runScenario" time="11.966"/>
  <testcase classname="runners.TestRunner" name="runScenario" time="10.022"/>
  <testcase classname="runners.TestRunner" name="runScenario" time="15.124"/>
  <testcase classname="runners.TestRunner" name="runScenario" time="11.188"/>
  <testcase classname="runners.TestRunner" name="runScenario" time="15.604"/>
  <testcase classname="runners.TestRunner" name="runScenario" time="13.960"/>
  <testcase classname="runners.TestRunner" name="runScenario" time="15.099"/>
  <testcase classname="runners.TestRunner" name="runScenario" time="12.312"/>
  <testcase classname="runners.TestRunner" name="runScenario" time="42.495"/>
  <testcase classname="runners.TestRunner" name="runScenario" time="27.689"/>
</testsuite> <!-- runners.TestRunner -->
